Arguments: 
  C:\Program Files\nodejs\node.exe C:\Users\anton\AppData\Roaming\npm\node_modules\yarn\bin\yarn.js add @types/edi

PATH: 
  C:\Program Files (x86)\Common Files\Oracle\Java\javapath;C:\Python39\Scripts\;C:\Python39\;C:\Windows\system32;C:\Windows;C:\Windows\System32\Wbem;C:\Windows\System32\WindowsPowerShell\v1.0\;C:\Windows\System32\OpenSSH\;C:\Program Files (x86)\NVIDIA Corporation\PhysX\Common;C:\Program Files\NVIDIA Corporation\NVIDIA NvDLISR;C:\Program Files\Git\cmd;C:\Program Files\nodejs\;C:\ProgramData\chocolatey\bin;C:\Program Files\dotnet\;C:\Users\anton\.cargo\bin;C:\Users\anton\AppData\Local\Microsoft\WindowsApps;C:\Users\anton\AppData\Local\Programs\Microsoft VS Code\bin;C:\Users\anton\AppData\Roaming\npm;C:\Program Files\JetBrains\IntelliJ IDEA Community Edition 2020.2.2\bin;C:\Users\anton\.dotnet\tools;C:\Users\anton\AppData\Local\atom\bin

Yarn version: 
  1.22.10

Node version: 
  12.18.4

Platform: 
  win32 x64

Trace: 
  Error: https://registry.yarnpkg.com/@types%2fedi: Not found
      at Request.params.callback [as _callback] (C:\Users\anton\AppData\Roaming\npm\node_modules\yarn\lib\cli.js:66988:18)
      at Request.self.callback (C:\Users\anton\AppData\Roaming\npm\node_modules\yarn\lib\cli.js:140662:22)
      at Request.emit (events.js:315:20)
      at Request.<anonymous> (C:\Users\anton\AppData\Roaming\npm\node_modules\yarn\lib\cli.js:141634:10)
      at Request.emit (events.js:315:20)
      at IncomingMessage.<anonymous> (C:\Users\anton\AppData\Roaming\npm\node_modules\yarn\lib\cli.js:141556:12)
      at Object.onceWrapper (events.js:421:28)
      at IncomingMessage.emit (events.js:327:22)
      at endReadableNT (_stream_readable.js:1220:12)
      at processTicksAndRejections (internal/process/task_queues.js:84:21)

npm manifest: 
  {
    "name": "edi-app",
    "version": "1.0.0",
    "main": "index.js",
    "license": "MIT",
    "dependencies": {
      "@types/node": "^14.11.8",
      "edi": "^1.1.0"
    },
    "scripts": {
      "build": "parcel build src/index.ts --out-dir build --target node"
    },
    "devDependencies": {
      "typescript": "^4.0.3"
    }
  }

yarn manifest: 
  No manifest

Lockfile: 
  # THIS IS AN AUTOGENERATED FILE. DO NOT EDIT THIS FILE DIRECTLY.
  # yarn lockfile v1
  
  
  "@types/node@^14.11.8":
    version "14.11.8"
    resolved "https://registry.yarnpkg.com/@types/node/-/node-14.11.8.tgz#fe2012f2355e4ce08bca44aeb3abbb21cf88d33f"
    integrity sha512-KPcKqKm5UKDkaYPTuXSx8wEP7vE9GnuaXIZKijwRYcePpZFDVuy2a57LarFKiORbHOuTOOwYzxVxcUzsh2P2Pw==
  
  edi@^1.1.0:
    version "1.1.0"
    resolved "https://registry.yarnpkg.com/edi/-/edi-1.1.0.tgz#185873b476fa6fad35097dc42009861fc9eccefa"
    integrity sha1-GFhztHb6b601CX3EIAmGH8nszvo=
    dependencies:
      moment "^2.10.3"
      twix "^0.6.4"
  
  moment@^2.10.3:
    version "2.29.1"
    resolved "https://registry.yarnpkg.com/moment/-/moment-2.29.1.tgz#b2be769fa31940be9eeea6469c075e35006fa3d3"
    integrity sha512-kHmoybcPV8Sqy59DwNDY3Jefr64lK/by/da0ViFcuA4DH0vQg5Q6Ze5VimxkfQNSC+Mls/Kx53s7TjP1RhFEDQ==
  
  twix@^0.6.4:
    version "0.6.5"
    resolved "https://registry.yarnpkg.com/twix/-/twix-0.6.5.tgz#50a60257d275e681be55a644e61b16d23fd97040"
    integrity sha1-UKYCV9J15oG+VaZE5hsW0j/ZcEA=
  
  typescript@^4.0.3:
    version "4.0.3"
    resolved "https://registry.yarnpkg.com/typescript/-/typescript-4.0.3.tgz#153bbd468ef07725c1df9c77e8b453f8d36abba5"
    integrity sha512-tEu6DGxGgRJPb/mVPIZ48e69xCn2yRmCgYmDugAVwmJ6o+0u1RI18eO7E7WBTLYLaEVVOhwQmcdhQHweux/WPg==
